2023-03-10 01:17:00.713  INFO 16292 --- [main] e.t.TutorialmanagementApplication        : Starting TutorialmanagementApplication using Java 17.0.6 on LAPTOP-12FJHFP3 with PID 16292 (C:\surya\sts-4.17.2.RELEASE\ProjectSpringBoot2023\tutorialmanagement\tutorialmanagement\target\classes started by hp in C:\surya\sts-4.17.2.RELEASE\ProjectSpringBoot2023\tutorialmanagement\tutorialmanagement)
2023-03-10 01:17:00.718  INFO 16292 --- [main] e.t.TutorialmanagementApplication        : No active profile set, falling back to 1 default profile: "default"
2023-03-10 01:17:02.139  INFO 16292 --- [main] .s.d.r.c.RepositoryConfigurationDelegate : Bootstrapping Spring Data JPA repositories in DEFAULT mode.
2023-03-10 01:17:02.300  INFO 16292 --- [main] .s.d.r.c.RepositoryConfigurationDelegate : Finished Spring Data repository scanning in 92 ms. Found 1 JPA repository interfaces.
2023-03-10 01:17:03.195  INFO 16292 --- [main] o.s.b.w.embedded.tomcat.TomcatWebServer  : Tomcat initialized with port(s): 8080 (http)
2023-03-10 01:17:03.212  INFO 16292 --- [main] o.apache.catalina.core.StandardService   : Starting service [Tomcat]
2023-03-10 01:17:03.212  INFO 16292 --- [main] org.apache.catalina.core.StandardEngine  : Starting Servlet engine: [Apache Tomcat/9.0.71]
2023-03-10 01:17:03.459  INFO 16292 --- [main] o.a.c.c.C.[Tomcat].[localhost].[/]       : Initializing Spring embedded WebApplicationContext
2023-03-10 01:17:03.460  INFO 16292 --- [main] w.s.c.ServletWebServerApplicationContext : Root WebApplicationContext: initialization completed in 2668 ms
2023-03-10 01:17:03.617  INFO 16292 --- [main] com.zaxxer.hikari.HikariDataSource       : HikariPool-1 - Starting...
2023-03-10 01:17:03.971  INFO 16292 --- [main] com.zaxxer.hikari.HikariDataSource       : HikariPool-1 - Start completed.
2023-03-10 01:17:03.994  INFO 16292 --- [main] o.s.b.a.h2.H2ConsoleAutoConfiguration    : H2 console available at '/h2'. Database available at 'jdbc:h2:mem:gunjan'
2023-03-10 01:17:04.354  INFO 16292 --- [main] o.hibernate.jpa.internal.util.LogHelper  : HHH000204: Processing PersistenceUnitInfo [name: default]
2023-03-10 01:17:04.451  INFO 16292 --- [main] org.hibernate.Version                    : HHH000412: Hibernate ORM core version 5.6.15.Final
2023-03-10 01:17:04.708  INFO 16292 --- [main] o.hibernate.annotations.common.Version   : HCANN000001: Hibernate Commons Annotations {5.1.2.Final}
2023-03-10 01:17:04.941  INFO 16292 --- [main] org.hibernate.dialect.Dialect            : HHH000400: Using dialect: org.hibernate.dialect.H2Dialect
2023-03-10 01:17:05.912  INFO 16292 --- [main] o.h.e.t.j.p.i.JtaPlatformInitiator       : HHH000490: Using JtaPlatform implementation: [org.hibernate.engine.transaction.jta.platform.internal.NoJtaPlatform]
2023-03-10 01:17:05.929  INFO 16292 --- [main] j.LocalContainerEntityManagerFactoryBean : Initialized JPA EntityManagerFactory for persistence unit 'default'
2023-03-10 01:17:06.455  WARN 16292 --- [main] JpaBaseConfiguration$JpaWebConfiguration : spring.jpa.open-in-view is enabled by default. Therefore, database queries may be performed during view rendering. Explicitly configure spring.jpa.open-in-view to disable this warning
2023-03-10 01:17:07.032  INFO 16292 --- [main] o.s.b.w.embedded.tomcat.TomcatWebServer  : Tomcat started on port(s): 8080 (http) with context path ''
2023-03-10 01:17:07.058  INFO 16292 --- [main] e.t.TutorialmanagementApplication        : Started TutorialmanagementApplication in 7.008 seconds (JVM running for 8.564)
2023-03-10 01:17:58.342  INFO 16292 --- [RMI TCP Connection(4)-127.0.0.1] inMXBeanRegistrar$SpringApplicationAdmin : Application shutdown requested.
2023-03-10 01:17:58.466  INFO 16292 --- [RMI TCP Connection(4)-127.0.0.1] o.apache.catalina.core.StandardService   : Stopping service [Tomcat]
2023-03-10 01:17:58.497  INFO 16292 --- [RMI TCP Connection(4)-127.0.0.1] j.LocalContainerEntityManagerFactoryBean : Closing JPA EntityManagerFactory for persistence unit 'default'
2023-03-10 01:17:58.501  INFO 16292 --- [RMI TCP Connection(4)-127.0.0.1] com.zaxxer.hikari.HikariDataSource       : HikariPool-1 - Shutdown initiated...
2023-03-10 01:17:58.518  INFO 16292 --- [RMI TCP Connection(4)-127.0.0.1] com.zaxxer.hikari.HikariDataSource       : HikariPool-1 - Shutdown completed.
